<?xml version="1.0" encoding="UTF-8"?>
<testsuite xmlns:xsi="http://www.w3.org/2001/XMLSchema-instance" xsi:noNamespaceSchemaLocation="https://maven.apache.org/surefire/maven-surefire-plugin/xsd/surefire-test-report-3.0.xsd" version="3.0" name="dev.matheuscruz.quarkus.useful.it.QuarkusUsefulResourceTest" time="5.501" tests="1" errors="0" skipped="0" failures="0">
  <properties>
[...]
</properties>
  <testcase name="testHelloEndpoint" classname="dev.matheuscruz.quarkus.useful.it.QuarkusUsefulResourceTest" time="1.077">
    <system-out><![CDATA[2024-01-12 19:27:16,562 INFO  [dev.mat.qua.use.dep.QuarkusUsefulProcessor] (build-11) org.jboss.jandex.ClassInfo
2024-01-12 19:27:16,574 INFO  [dev.mat.qua.use.dep.QuarkusUsefulProcessor] (build-11) org.jboss.jandex.ClassInfo
2024-01-12 19:27:16,575 INFO  [dev.mat.qua.use.dep.QuarkusUsefulProcessor] (build-11) org.jboss.jandex.ClassInfo
2024-01-12 19:27:16,575 INFO  [dev.mat.qua.use.dep.QuarkusUsefulProcessor] (build-11) org.jboss.jandex.ClassInfo
2024-01-12 19:27:16,576 INFO  [dev.mat.qua.use.dep.QuarkusUsefulProcessor] (build-11) This is called during build time
2024-01-12 19:27:16,576 INFO  [dev.mat.qua.use.dep.QuarkusUsefulProcessor] (build-11) This is called during build time
2024-01-12 19:27:16,576 INFO  [dev.mat.qua.use.dep.QuarkusUsefulProcessor] (build-11) This is called during build time
2024-01-12 19:27:16,577 INFO  [dev.mat.qua.use.dep.QuarkusUsefulProcessor] (build-11) This is called during build time
2024-01-12 19:27:17,432 INFO  [dev.mat.qua.use.run.ConsoleRecorder] (main) Your application has 0 method(s) annotated with jakarta.ws.rs.POST
2024-01-12 19:27:17,432 INFO  [dev.mat.qua.use.run.ConsoleRecorder] (main) Your application has 2 method(s) annotated with jakarta.ws.rs.GET
2024-01-12 19:27:17,432 INFO  [dev.mat.qua.use.run.ConsoleRecorder] (main) Your application has 0 method(s) annotated with jakarta.ws.rs.PUT
2024-01-12 19:27:17,433 INFO  [dev.mat.qua.use.run.ConsoleRecorder] (main) Your application has 0 method(s) annotated with jakarta.ws.rs.DELETE
2024-01-12 19:27:17,918 INFO  [io.quarkus] (main) quarkus-useful-integration-tests 0.0.1-SNAPSHOT on JVM (powered by Quarkus 3.6.5) started in 2.017s. Listening on: http://localhost:8081
2024-01-12 19:27:17,919 INFO  [io.quarkus] (main) Profile test activated. 
2024-01-12 19:27:17,919 INFO  [io.quarkus] (main) Installed features: [cdi, quarkus-useful, resteasy, smallrye-context-propagation, vertx]
]]></system-out>
  </testcase>
</testsuite>