<?xml version="1.0" encoding="UTF-8"?>
<testsuite xmlns:xsi="http://www.w3.org/2001/XMLSchema-instance" xsi:noNamespaceSchemaLocation="https://maven.apache.org/surefire/maven-surefire-plugin/xsd/surefire-test-report-3.0.xsd" version="3.0" name="dev.matheuscruz.quarkus.useful.test.QuarkusUsefulDevModeTest" time="1.606" tests="1" errors="0" skipped="0" failures="0">
  <properties>
[...]
</properties>
  <testcase name="writeYourOwnDevModeTest" classname="dev.matheuscruz.quarkus.useful.test.QuarkusUsefulDevModeTest" time="1.601">
    <system-out><![CDATA[&amp#27;[94mTests paused&amp#27;[39m
2024-01-12 20:07:13,567 WARN  [io.qua.boo.BootstrapAppModelFactory] (main) Expected project directory /tmp/quarkus-dev-mode-test8342935895446995877 does not match current project directory /home/cruz/github.com/mcruzdev/quarkus-useful/deployment
2024-01-12 20:07:14,594 INFO  [dev.mat.qua.use.dep.QuarkusUsefulProcessor] (build-19) This is called during build time
2024-01-12 20:07:14,594 INFO  [dev.mat.qua.use.dep.QuarkusUsefulProcessor] (build-19) This is called during build time
2024-01-12 20:07:14,594 INFO  [dev.mat.qua.use.dep.QuarkusUsefulProcessor] (build-19) This is called during build time
2024-01-12 20:07:14,594 INFO  [dev.mat.qua.use.dep.QuarkusUsefulProcessor] (build-19) This is called during build time
2024-01-12 20:07:15,046 INFO  [dev.mat.qua.use.run.ConsoleRecorder] (Quarkus Main Thread) Your application has 0 method(s) annotated with jakarta.ws.rs.POST
2024-01-12 20:07:15,046 INFO  [dev.mat.qua.use.run.ConsoleRecorder] (Quarkus Main Thread) Your application has 0 method(s) annotated with jakarta.ws.rs.GET
2024-01-12 20:07:15,046 INFO  [dev.mat.qua.use.run.ConsoleRecorder] (Quarkus Main Thread) Your application has 0 method(s) annotated with jakarta.ws.rs.PUT
2024-01-12 20:07:15,046 INFO  [dev.mat.qua.use.run.ConsoleRecorder] (Quarkus Main Thread) Your application has 0 method(s) annotated with jakarta.ws.rs.DELETE
2024-01-12 20:07:15,100 WARN  [dev.mat.qua.use.run.NotifyStartingEventRecorder] (Quarkus Main Thread) You are using the 'quarkus-useful' extension but the configuration property quarkus.useful.listenerUrl not defined
2024-01-12 20:07:15,126 INFO  [io.quarkus] (Quarkus Main Thread) quarkus-useful-deployment 0.0.1-SNAPSHOT on JVM (powered by Quarkus 3.6.5) started in 0.936s. 
2024-01-12 20:07:15,127 INFO  [io.quarkus] (Quarkus Main Thread) Profile dev activated. Live Coding activated.
2024-01-12 20:07:15,127 INFO  [io.quarkus] (Quarkus Main Thread) Installed features: [cdi, quarkus-useful]
2024-01-12 20:07:15,132 INFO  [io.quarkus] (Quarkus Main Thread) quarkus-useful-deployment stopped in 0.002s
]]></system-out>
  </testcase>
</testsuite>